27-Aug-2023 11:39:15.262 INFO [main] org.apache.catalina.startup.VersionLoggerListener.log Server version name:   Apache Tomcat/9.0.80
27-Aug-2023 11:39:15.273 INFO [main] org.apache.catalina.startup.VersionLoggerListener.log Server built:          Aug 23 2023 21:59:38 UTC
27-Aug-2023 11:39:15.274 INFO [main] org.apache.catalina.startup.VersionLoggerListener.log Server version number: 9.0.80.0
27-Aug-2023 11:39:15.274 INFO [main] org.apache.catalina.startup.VersionLoggerListener.log OS Name:               Linux
27-Aug-2023 11:39:15.274 INFO [main] org.apache.catalina.startup.VersionLoggerListener.log OS Version:            5.10.186-179.751.amzn2.x86_64
27-Aug-2023 11:39:15.274 INFO [main] org.apache.catalina.startup.VersionLoggerListener.log Architecture:          amd64
27-Aug-2023 11:39:15.274 INFO [main] org.apache.catalina.startup.VersionLoggerListener.log Java Home:             /usr/lib/jvm/java-17-amazon-corretto.x86_64
27-Aug-2023 11:39:15.276 INFO [main] org.apache.catalina.startup.VersionLoggerListener.log JVM Version:           17.0.8+7-LTS
27-Aug-2023 11:39:15.276 INFO [main] org.apache.catalina.startup.VersionLoggerListener.log JVM Vendor:            Amazon.com Inc.
27-Aug-2023 11:39:15.276 INFO [main] org.apache.catalina.startup.VersionLoggerListener.log CATALINA_BASE:         /root/apache-tomcat-9.0.80
27-Aug-2023 11:39:15.276 INFO [main] org.apache.catalina.startup.VersionLoggerListener.log CATALINA_HOME:         /root/apache-tomcat-9.0.80
27-Aug-2023 11:39:15.288 INFO [main] org.apache.catalina.startup.VersionLoggerListener.log Command line argument: --add-opens=java.base/java.lang=ALL-UNNAMED
27-Aug-2023 11:39:15.288 INFO [main] org.apache.catalina.startup.VersionLoggerListener.log Command line argument: --add-opens=java.base/java.io=ALL-UNNAMED
27-Aug-2023 11:39:15.288 INFO [main] org.apache.catalina.startup.VersionLoggerListener.log Command line argument: --add-opens=java.base/java.util=ALL-UNNAMED
27-Aug-2023 11:39:15.288 INFO [main] org.apache.catalina.startup.VersionLoggerListener.log Command line argument: --add-opens=java.base/java.util.concurrent=ALL-UNNAMED
27-Aug-2023 11:39:15.288 INFO [main] org.apache.catalina.startup.VersionLoggerListener.log Command line argument: --add-opens=java.rmi/sun.rmi.transport=ALL-UNNAMED
27-Aug-2023 11:39:15.288 INFO [main] org.apache.catalina.startup.VersionLoggerListener.log Command line argument: -Djava.util.logging.config.file=/root/apache-tomcat-9.0.80/conf/logging.properties
27-Aug-2023 11:39:15.289 INFO [main] org.apache.catalina.startup.VersionLoggerListener.log Command line argument: -Djava.util.logging.manager=org.apache.juli.ClassLoaderLogManager
27-Aug-2023 11:39:15.289 INFO [main] org.apache.catalina.startup.VersionLoggerListener.log Command line argument: -Djdk.tls.ephemeralDHKeySize=2048
27-Aug-2023 11:39:15.289 INFO [main] org.apache.catalina.startup.VersionLoggerListener.log Command line argument: -Djava.protocol.handler.pkgs=org.apache.catalina.webresources
27-Aug-2023 11:39:15.289 INFO [main] org.apache.catalina.startup.VersionLoggerListener.log Command line argument: -Dorg.apache.catalina.security.SecurityListener.UMASK=0027
27-Aug-2023 11:39:15.289 INFO [main] org.apache.catalina.startup.VersionLoggerListener.log Command line argument: -Dignore.endorsed.dirs=
27-Aug-2023 11:39:15.299 INFO [main] org.apache.catalina.startup.VersionLoggerListener.log Command line argument: -Dcatalina.base=/root/apache-tomcat-9.0.80
27-Aug-2023 11:39:15.299 INFO [main] org.apache.catalina.startup.VersionLoggerListener.log Command line argument: -Dcatalina.home=/root/apache-tomcat-9.0.80
27-Aug-2023 11:39:15.299 INFO [main] org.apache.catalina.startup.VersionLoggerListener.log Command line argument: -Djava.io.tmpdir=/root/apache-tomcat-9.0.80/temp
27-Aug-2023 11:39:15.302 INFO [main] org.apache.catalina.core.AprLifecycleListener.lifecycleEvent The Apache Tomcat Native library which allows using OpenSSL was not found on the java.library.path: [/usr/java/packages/lib:/usr/lib64:/lib64:/lib:/usr/lib]
27-Aug-2023 11:39:16.023 INFO [main] org.apache.coyote.AbstractProtocol.init Initializing ProtocolHandler ["http-nio-8080"]
27-Aug-2023 11:39:16.057 SEVERE [main] org.apache.catalina.util.LifecycleBase.handleSubClassException Failed to initialize component [Connector["http-nio-8080"]]
	org.apache.catalina.LifecycleException: Protocol handler initialization failed
		at org.apache.catalina.connector.Connector.initInternal(Connector.java:1011)
		at org.apache.catalina.util.LifecycleBase.init(LifecycleBase.java:127)
		at org.apache.catalina.core.StandardService.initInternal(StandardService.java:554)
		at org.apache.catalina.util.LifecycleBase.init(LifecycleBase.java:127)
		at org.apache.catalina.core.StandardServer.initInternal(StandardServer.java:1040)
		at org.apache.catalina.util.LifecycleBase.init(LifecycleBase.java:127)
		at org.apache.catalina.startup.Catalina.load(Catalina.java:724)
		at org.apache.catalina.startup.Catalina.load(Catalina.java:746)
		at java.base/jdk.internal.reflect.NativeMethodAccessorImpl.invoke0(Native Method)
		at java.base/jdk.internal.reflect.NativeMethodAccessorImpl.invoke(NativeMethodAccessorImpl.java:77)
		at java.base/jdk.internal.reflect.DelegatingMethodAccessorImpl.invoke(DelegatingMethodAccessorImpl.java:43)
		at java.base/java.lang.reflect.Method.invoke(Method.java:568)
		at org.apache.catalina.startup.Bootstrap.load(Bootstrap.java:307)
		at org.apache.catalina.startup.Bootstrap.main(Bootstrap.java:477)
	Caused by: java.net.BindException: Address already in use
		at java.base/sun.nio.ch.Net.bind0(Native Method)
		at java.base/sun.nio.ch.Net.bind(Net.java:555)
		at java.base/sun.nio.ch.ServerSocketChannelImpl.netBind(ServerSocketChannelImpl.java:337)
		at java.base/sun.nio.ch.ServerSocketChannelImpl.bind(ServerSocketChannelImpl.java:294)
		at org.apache.tomcat.util.net.NioEndpoint.initServerSocket(NioEndpoint.java:276)
		at org.apache.tomcat.util.net.NioEndpoint.bind(NioEndpoint.java:231)
		at org.apache.tomcat.util.net.AbstractEndpoint.bindWithCleanup(AbstractEndpoint.java:1324)
		at org.apache.tomcat.util.net.AbstractEndpoint.init(AbstractEndpoint.java:1337)
		at org.apache.coyote.AbstractProtocol.init(AbstractProtocol.java:652)
		at org.apache.coyote.http11.AbstractHttp11Protocol.init(AbstractHttp11Protocol.java:75)
		at org.apache.catalina.connector.Connector.initInternal(Connector.java:1009)
		... 13 more
27-Aug-2023 11:39:16.059 INFO [main] org.apache.catalina.startup.Catalina.load Server initialization in [1271] milliseconds
27-Aug-2023 11:39:16.147 INFO [main] org.apache.catalina.core.StandardService.startInternal Starting service [Catalina]
27-Aug-2023 11:39:16.147 INFO [main] org.apache.catalina.core.StandardEngine.startInternal Starting Servlet engine: [Apache Tomcat/9.0.80]
27-Aug-2023 11:39:16.166 INFO [main] org.apache.catalina.startup.HostConfig.deployDirectory Deploying web application directory [/root/apache-tomcat-9.0.80/webapps/ROOT]
27-Aug-2023 11:39:16.745 INFO [main] org.apache.catalina.startup.HostConfig.deployDirectory Deployment of web application directory [/root/apache-tomcat-9.0.80/webapps/ROOT] has finished in [578] ms
27-Aug-2023 11:39:16.748 INFO [main] org.apache.catalina.startup.HostConfig.deployDirectory Deploying web application directory [/root/apache-tomcat-9.0.80/webapps/docs]
27-Aug-2023 11:39:16.807 INFO [main] org.apache.catalina.startup.HostConfig.deployDirectory Deployment of web application directory [/root/apache-tomcat-9.0.80/webapps/docs] has finished in [59] ms
27-Aug-2023 11:39:16.810 INFO [main] org.apache.catalina.startup.HostConfig.deployDirectory Deploying web application directory [/root/apache-tomcat-9.0.80/webapps/examples]
27-Aug-2023 11:39:17.369 INFO [main] org.apache.catalina.startup.HostConfig.deployDirectory Deployment of web application directory [/root/apache-tomcat-9.0.80/webapps/examples] has finished in [559] ms
27-Aug-2023 11:39:17.371 INFO [main] org.apache.catalina.startup.HostConfig.deployDirectory Deploying web application directory [/root/apache-tomcat-9.0.80/webapps/host-manager]
27-Aug-2023 11:39:17.434 INFO [main] org.apache.catalina.startup.HostConfig.deployDirectory Deployment of web application directory [/root/apache-tomcat-9.0.80/webapps/host-manager] has finished in [63] ms
27-Aug-2023 11:39:17.437 INFO [main] org.apache.catalina.startup.HostConfig.deployDirectory Deploying web application directory [/root/apache-tomcat-9.0.80/webapps/manager]
27-Aug-2023 11:39:17.508 INFO [main] org.apache.catalina.startup.HostConfig.deployDirectory Deployment of web application directory [/root/apache-tomcat-9.0.80/webapps/manager] has finished in [71] ms
27-Aug-2023 11:39:17.519 INFO [main] org.apache.catalina.startup.Catalina.start Server startup in [1460] milliseconds
27-Aug-2023 11:39:17.528 SEVERE [main] org.apache.catalina.core.StandardServer.await Failed to create server shutdown socket on address [localhost] and port [8005] (base port [8005] and offset [0])
	java.net.BindException: Address already in use
		at java.base/sun.nio.ch.Net.bind0(Native Method)
		at java.base/sun.nio.ch.Net.bind(Net.java:555)
		at java.base/sun.nio.ch.Net.bind(Net.java:544)
		at java.base/sun.nio.ch.NioSocketImpl.bind(NioSocketImpl.java:648)
		at java.base/java.net.ServerSocket.bind(ServerSocket.java:388)
		at java.base/java.net.ServerSocket.<init>(ServerSocket.java:274)
		at org.apache.catalina.core.StandardServer.await(StandardServer.java:582)
		at org.apache.catalina.startup.Catalina.await(Catalina.java:864)
		at org.apache.catalina.startup.Catalina.start(Catalina.java:810)
		at java.base/jdk.internal.reflect.NativeMethodAccessorImpl.invoke0(Native Method)
		at java.base/jdk.internal.reflect.NativeMethodAccessorImpl.invoke(NativeMethodAccessorImpl.java:77)
		at java.base/jdk.internal.reflect.DelegatingMethodAccessorImpl.invoke(DelegatingMethodAccessorImpl.java:43)
		at java.base/java.lang.reflect.Method.invoke(Method.java:568)
		at org.apache.catalina.startup.Bootstrap.start(Bootstrap.java:347)
		at org.apache.catalina.startup.Bootstrap.main(Bootstrap.java:478)
27-Aug-2023 11:39:17.529 INFO [main] org.apache.coyote.AbstractProtocol.pause Pausing ProtocolHandler ["http-nio-8080"]
27-Aug-2023 11:39:17.529 INFO [main] org.apache.catalina.core.StandardService.stopInternal Stopping service [Catalina]
27-Aug-2023 11:39:17.589 INFO [main] org.apache.coyote.AbstractProtocol.stop Stopping ProtocolHandler ["http-nio-8080"]
27-Aug-2023 11:39:17.595 INFO [main] org.apache.coyote.AbstractProtocol.destroy Destroying ProtocolHandler ["http-nio-8080"]
27-Aug-2023 11:41:34.339 INFO [main] org.apache.catalina.startup.VersionLoggerListener.log Server version name:   Apache Tomcat/9.0.80
27-Aug-2023 11:41:34.355 INFO [main] org.apache.catalina.startup.VersionLoggerListener.log Server built:          Aug 23 2023 21:59:38 UTC
27-Aug-2023 11:41:34.355 INFO [main] org.apache.catalina.startup.VersionLoggerListener.log Server version number: 9.0.80.0
27-Aug-2023 11:41:34.355 INFO [main] org.apache.catalina.startup.VersionLoggerListener.log OS Name:               Linux
27-Aug-2023 11:41:34.355 INFO [main] org.apache.catalina.startup.VersionLoggerListener.log OS Version:            5.10.186-179.751.amzn2.x86_64
27-Aug-2023 11:41:34.355 INFO [main] org.apache.catalina.startup.VersionLoggerListener.log Architecture:          amd64
27-Aug-2023 11:41:34.357 INFO [main] org.apache.catalina.startup.VersionLoggerListener.log Java Home:             /usr/lib/jvm/java-17-amazon-corretto.x86_64
27-Aug-2023 11:41:34.358 INFO [main] org.apache.catalina.startup.VersionLoggerListener.log JVM Version:           17.0.8+7-LTS
27-Aug-2023 11:41:34.358 INFO [main] org.apache.catalina.startup.VersionLoggerListener.log JVM Vendor:            Amazon.com Inc.
27-Aug-2023 11:41:34.358 INFO [main] org.apache.catalina.startup.VersionLoggerListener.log CATALINA_BASE:         /root/apache-tomcat-9.0.80
27-Aug-2023 11:41:34.358 INFO [main] org.apache.catalina.startup.VersionLoggerListener.log CATALINA_HOME:         /root/apache-tomcat-9.0.80
27-Aug-2023 11:41:34.376 INFO [main] org.apache.catalina.startup.VersionLoggerListener.log Command line argument: --add-opens=java.base/java.lang=ALL-UNNAMED
27-Aug-2023 11:41:34.377 INFO [main] org.apache.catalina.startup.VersionLoggerListener.log Command line argument: --add-opens=java.base/java.io=ALL-UNNAMED
27-Aug-2023 11:41:34.377 INFO [main] org.apache.catalina.startup.VersionLoggerListener.log Command line argument: --add-opens=java.base/java.util=ALL-UNNAMED
27-Aug-2023 11:41:34.377 INFO [main] org.apache.catalina.startup.VersionLoggerListener.log Command line argument: --add-opens=java.base/java.util.concurrent=ALL-UNNAMED
27-Aug-2023 11:41:34.377 INFO [main] org.apache.catalina.startup.VersionLoggerListener.log Command line argument: --add-opens=java.rmi/sun.rmi.transport=ALL-UNNAMED
27-Aug-2023 11:41:34.377 INFO [main] org.apache.catalina.startup.VersionLoggerListener.log Command line argument: -Djava.util.logging.config.file=/root/apache-tomcat-9.0.80/conf/logging.properties
27-Aug-2023 11:41:34.377 INFO [main] org.apache.catalina.startup.VersionLoggerListener.log Command line argument: -Djava.util.logging.manager=org.apache.juli.ClassLoaderLogManager
27-Aug-2023 11:41:34.378 INFO [main] org.apache.catalina.startup.VersionLoggerListener.log Command line argument: -Djdk.tls.ephemeralDHKeySize=2048
27-Aug-2023 11:41:34.379 INFO [main] org.apache.catalina.startup.VersionLoggerListener.log Command line argument: -Djava.protocol.handler.pkgs=org.apache.catalina.webresources
27-Aug-2023 11:41:34.379 INFO [main] org.apache.catalina.startup.VersionLoggerListener.log Command line argument: -Dorg.apache.catalina.security.SecurityListener.UMASK=0027
27-Aug-2023 11:41:34.379 INFO [main] org.apache.catalina.startup.VersionLoggerListener.log Command line argument: -Dignore.endorsed.dirs=
27-Aug-2023 11:41:34.379 INFO [main] org.apache.catalina.startup.VersionLoggerListener.log Command line argument: -Dcatalina.base=/root/apache-tomcat-9.0.80
27-Aug-2023 11:41:34.380 INFO [main] org.apache.catalina.startup.VersionLoggerListener.log Command line argument: -Dcatalina.home=/root/apache-tomcat-9.0.80
27-Aug-2023 11:41:34.380 INFO [main] org.apache.catalina.startup.VersionLoggerListener.log Command line argument: -Djava.io.tmpdir=/root/apache-tomcat-9.0.80/temp
27-Aug-2023 11:41:34.383 INFO [main] org.apache.catalina.core.AprLifecycleListener.lifecycleEvent The Apache Tomcat Native library which allows using OpenSSL was not found on the java.library.path: [/usr/java/packages/lib:/usr/lib64:/lib64:/lib:/usr/lib]
27-Aug-2023 11:41:35.136 INFO [main] org.apache.coyote.AbstractProtocol.init Initializing ProtocolHandler ["http-nio-8021"]
27-Aug-2023 11:41:35.199 INFO [main] org.apache.catalina.startup.Catalina.load Server initialization in [1288] milliseconds
27-Aug-2023 11:41:35.279 INFO [main] org.apache.catalina.core.StandardService.startInternal Starting service [Catalina]
27-Aug-2023 11:41:35.280 INFO [main] org.apache.catalina.core.StandardEngine.startInternal Starting Servlet engine: [Apache Tomcat/9.0.80]
27-Aug-2023 11:41:35.294 INFO [main] org.apache.catalina.startup.HostConfig.deployDirectory Deploying web application directory [/root/apache-tomcat-9.0.80/webapps/ROOT]
27-Aug-2023 11:41:35.880 INFO [main] org.apache.catalina.startup.HostConfig.deployDirectory Deployment of web application directory [/root/apache-tomcat-9.0.80/webapps/ROOT] has finished in [585] ms
27-Aug-2023 11:41:35.885 INFO [main] org.apache.catalina.startup.HostConfig.deployDirectory Deploying web application directory [/root/apache-tomcat-9.0.80/webapps/docs]
27-Aug-2023 11:41:35.944 INFO [main] org.apache.catalina.startup.HostConfig.deployDirectory Deployment of web application directory [/root/apache-tomcat-9.0.80/webapps/docs] has finished in [59] ms
27-Aug-2023 11:41:35.944 INFO [main] org.apache.catalina.startup.HostConfig.deployDirectory Deploying web application directory [/root/apache-tomcat-9.0.80/webapps/examples]
27-Aug-2023 11:41:36.439 INFO [main] org.apache.catalina.startup.HostConfig.deployDirectory Deployment of web application directory [/root/apache-tomcat-9.0.80/webapps/examples] has finished in [495] ms
27-Aug-2023 11:41:36.441 INFO [main] org.apache.catalina.startup.HostConfig.deployDirectory Deploying web application directory [/root/apache-tomcat-9.0.80/webapps/host-manager]
27-Aug-2023 11:41:36.499 INFO [main] org.apache.catalina.startup.HostConfig.deployDirectory Deployment of web application directory [/root/apache-tomcat-9.0.80/webapps/host-manager] has finished in [58] ms
27-Aug-2023 11:41:36.500 INFO [main] org.apache.catalina.startup.HostConfig.deployDirectory Deploying web application directory [/root/apache-tomcat-9.0.80/webapps/manager]
27-Aug-2023 11:41:36.548 INFO [main] org.apache.catalina.startup.HostConfig.deployDirectory Deployment of web application directory [/root/apache-tomcat-9.0.80/webapps/manager] has finished in [49] ms
27-Aug-2023 11:41:36.557 INFO [main] org.apache.coyote.AbstractProtocol.start Starting ProtocolHandler ["http-nio-8021"]
27-Aug-2023 11:41:36.606 INFO [main] org.apache.catalina.startup.Catalina.start Server startup in [1406] milliseconds
27-Aug-2023 11:44:26.591 INFO [Catalina-utility-2] org.apache.catalina.startup.HostConfig.deployWAR Deploying web application archive [/root/apache-tomcat-9.0.80/webapps/sample.war]
27-Aug-2023 11:44:26.659 INFO [Catalina-utility-2] org.apache.catalina.startup.HostConfig.deployWAR Deployment of web application archive [/root/apache-tomcat-9.0.80/webapps/sample.war] has finished in [67] ms
27-Aug-2023 11:51:22.479 INFO [Catalina-utility-1] org.apache.catalina.startup.HostConfig.deployWAR Deploying web application archive [/root/apache-tomcat-9.0.80/webapps/kumar.war]
27-Aug-2023 11:51:22.532 INFO [Catalina-utility-1] org.apache.catalina.startup.HostConfig.deployWAR Deployment of web application archive [/root/apache-tomcat-9.0.80/webapps/kumar.war] has finished in [53] ms
27-Aug-2023 12:03:02.614 INFO [Catalina-utility-1] org.apache.catalina.startup.HostConfig.deployWAR Deploying web application archive [/root/apache-tomcat-9.0.80/webapps/helloworld.war]
27-Aug-2023 12:03:02.647 INFO [Catalina-utility-1] org.apache.catalina.startup.HostConfig.deployWAR Deployment of web application archive [/root/apache-tomcat-9.0.80/webapps/helloworld.war] has finished in [34] ms
27-Aug-2023 12:08:42.684 INFO [Catalina-utility-2] org.apache.catalina.startup.HostConfig.undeploy Undeploying context [/manager]
27-Aug-2023 12:08:42.717 INFO [Catalina-utility-2] org.apache.catalina.startup.HostConfig.deployDirectory Deploying web application directory [/root/apache-tomcat-9.0.80/webapps/manager]
27-Aug-2023 12:08:42.775 INFO [Catalina-utility-2] org.apache.catalina.startup.HostConfig.deployDirectory Deployment of web application directory [/root/apache-tomcat-9.0.80/webapps/manager] has finished in [57] ms
27-Aug-2023 12:11:32.793 INFO [Catalina-utility-1] org.apache.catalina.users.MemoryUserDatabase.backgroundProcess Reloading memory user database [UserDatabase] from updated source [file:/root/apache-tomcat-9.0.80/conf/tomcat-users.xml]
27-Aug-2023 12:18:47.689 INFO [http-nio-8021-exec-13] org.apache.catalina.startup.HostConfig.deployWAR Deploying web application archive [/root/apache-tomcat-9.0.80/webapps/SampleWebApp.war]
27-Aug-2023 12:18:47.744 INFO [http-nio-8021-exec-13] org.apache.catalina.startup.HostConfig.deployWAR Deployment of web application archive [/root/apache-tomcat-9.0.80/webapps/SampleWebApp.war] has finished in [55] ms
27-Aug-2023 12:37:01.158 INFO [Catalina-utility-2] org.apache.catalina.users.MemoryUserDatabase.backgroundProcess Reloading memory user database [UserDatabase] from updated source [file:/root/apache-tomcat-9.0.80/conf/tomcat-users.xml]
27-Aug-2023 12:48:01.232 INFO [Catalina-utility-2] org.apache.catalina.users.MemoryUserDatabase.backgroundProcess Reloading memory user database [UserDatabase] from updated source [file:/root/apache-tomcat-9.0.80/conf/tomcat-users.xml]
27-Aug-2023 12:58:22.378 INFO [http-nio-8021-exec-19] org.apache.catalina.startup.HostConfig.deployWAR Deploying web application archive [/root/apache-tomcat-9.0.80/webapps/text.war]
27-Aug-2023 12:58:22.434 INFO [http-nio-8021-exec-19] org.apache.catalina.startup.HostConfig.deployWAR Deployment of web application archive [/root/apache-tomcat-9.0.80/webapps/text.war] has finished in [56] ms
27-Aug-2023 13:01:15.546 INFO [http-nio-8021-exec-11] org.apache.catalina.startup.HostConfig.deployWAR Deploying web application archive [/root/apache-tomcat-9.0.80/webapps/test.war]
27-Aug-2023 13:01:15.604 INFO [http-nio-8021-exec-11] org.apache.catalina.startup.HostConfig.deployWAR Deployment of web application archive [/root/apache-tomcat-9.0.80/webapps/test.war] has finished in [59] ms
27-Aug-2023 13:01:51.482 INFO [Thread-1] org.apache.coyote.AbstractProtocol.pause Pausing ProtocolHandler ["http-nio-8021"]
27-Aug-2023 13:01:51.513 INFO [Thread-1] org.apache.catalina.core.StandardService.stopInternal Stopping service [Catalina]
27-Aug-2023 13:01:51.705 INFO [Thread-1] org.apache.coyote.AbstractProtocol.stop Stopping ProtocolHandler ["http-nio-8021"]
27-Aug-2023 13:01:51.749 INFO [Thread-1] org.apache.coyote.AbstractProtocol.destroy Destroying ProtocolHandler ["http-nio-8021"]
